Environment variables:
  - ANDROID_HOME=
  - Apple_PubSub_Socket_Render=/private/tmp/com.apple.launchd.oWhuuzOQsX/Render
  - COMMAND_MODE=unix2003
  - DISPLAY=/private/tmp/com.apple.launchd.7e1YGnkgMZ/org.macosforge.xquartz:0
  - HOME=/Users/bastien
  - JAVA_HOME=/Users/bastien/sonar-scanner-3.3.0.1492-macosx/jre
  - JAVA_MAIN_CLASS_19631=org.sonarsource.scanner.cli.Main
  - LANG=fr_FR.UTF-8
  - LOGNAME=bastien
  - PATH=/Users/bastien/sonar-scanner-3.3.0.1492-macosx/bin:/Library/Frameworks/Python.framework/Versions/3.6/bin:/usr/local/bin:/usr/bin:/bin:/usr/sbin:/sbin:/opt/X11/bin:/usr/local/share/dotnet:/Library/Frameworks/Mono.framework/Versions/Current/Commands:/Users/bastien/Downloads/google-cloud-sdk/bin:/Library/Frameworks/Python.framework/Versions/3.6/bin
  - PWD=/Users/bastien/IOTerra
  - SECURITYSESSIONID=186a8
  - SHELL=/bin/bash
  - SHLVL=2
  - SSH_AUTH_SOCK=/private/tmp/com.apple.launchd.wZhrr62E4g/Listeners
  - TERM=xterm-256color
  - TERM_PROGRAM=vscode
  - TERM_PROGRAM_VERSION=1.30.2
  - TMPDIR=/var/folders/81/4h7bp1y114q_gylwtn5h82n80000gn/T/
  - USER=bastien
  - XPC_FLAGS=0x0
  - XPC_SERVICE_NAME=0
  - __CF_USER_TEXT_ENCODING=0x1F5:0x0:0x1
System properties:
  - awt.toolkit=sun.lwawt.macosx.LWCToolkit
  - file.encoding=UTF-8
  - file.encoding.pkg=sun.io
  - file.separator=/
  - ftp.nonProxyHosts=local|*.local|169.254/16|*.169.254/16
  - gopherProxySet=false
  - http.nonProxyHosts=local|*.local|169.254/16|*.169.254/16
  - java.awt.graphicsenv=sun.awt.CGraphicsEnvironment
  - java.awt.headless=true
  - java.awt.printerjob=sun.lwawt.macosx.CPrinterJob
  - java.class.path=/Users/bastien/sonar-scanner-3.3.0.1492-macosx/lib/sonar-scanner-cli-3.3.0.1492.jar
  - java.class.version=52.0
  - java.endorsed.dirs=/Users/bastien/sonar-scanner-3.3.0.1492-macosx/jre/lib/endorsed
  - java.ext.dirs=/Users/bastien/Library/Java/Extensions:/Users/bastien/sonar-scanner-3.3.0.1492-macosx/jre/lib/ext:/Library/Java/Extensions:/Network/Library/Java/Extensions:/System/Library/Java/Extensions:/usr/lib/java
  - java.home=/Users/bastien/sonar-scanner-3.3.0.1492-macosx/jre
  - java.io.tmpdir=/var/folders/81/4h7bp1y114q_gylwtn5h82n80000gn/T/
  - java.library.path=/Users/bastien/Library/Java/Extensions:/Library/Java/Extensions:/Network/Library/Java/Extensions:/System/Library/Java/Extensions:/usr/lib/java:.
  - java.runtime.name=Java(TM) SE Runtime Environment
  - java.runtime.version=1.8.0_121-b13
  - java.specification.name=Java Platform API Specification
  - java.specification.vendor=Oracle Corporation
  - java.specification.version=1.8
  - java.vendor=Oracle Corporation
  - java.vendor.url=http://java.oracle.com/
  - java.vendor.url.bug=http://bugreport.sun.com/bugreport/
  - java.version=1.8.0_121
  - java.vm.info=mixed mode
  - java.vm.name=Java HotSpot(TM) 64-Bit Server VM
  - java.vm.specification.name=Java Virtual Machine Specification
  - java.vm.specification.vendor=Oracle Corporation
  - java.vm.specification.version=1.8
  - java.vm.vendor=Oracle Corporation
  - java.vm.version=25.121-b13
  - line.separator=

  - os.arch=x86_64
  - os.name=Mac OS X
  - os.version=10.12.6
  - path.separator=:
  - project.home=/Users/bastien/IOTerra
  - scanner.home=/Users/bastien/sonar-scanner-3.3.0.1492-macosx
  - socksNonProxyHosts=local|*.local|169.254/16|*.169.254/16
  - sun.arch.data.model=64
  - sun.boot.class.path=/Users/bastien/sonar-scanner-3.3.0.1492-macosx/jre/lib/resources.jar:/Users/bastien/sonar-scanner-3.3.0.1492-macosx/jre/lib/rt.jar:/Users/bastien/sonar-scanner-3.3.0.1492-macosx/jre/lib/sunrsasign.jar:/Users/bastien/sonar-scanner-3.3.0.1492-macosx/jre/lib/jsse.jar:/Users/bastien/sonar-scanner-3.3.0.1492-macosx/jre/lib/jce.jar:/Users/bastien/sonar-scanner-3.3.0.1492-macosx/jre/lib/charsets.jar:/Users/bastien/sonar-scanner-3.3.0.1492-macosx/jre/lib/jfr.jar:/Users/bastien/sonar-scanner-3.3.0.1492-macosx/jre/classes
  - sun.boot.library.path=/Users/bastien/sonar-scanner-3.3.0.1492-macosx/jre/lib
  - sun.cpu.endian=little
  - sun.cpu.isalist=
  - sun.io.unicode.encoding=UnicodeBig
  - sun.java.command=org.sonarsource.scanner.cli.Main -X -Dsonar.projectVersion=1.0.0
  - sun.java.launcher=SUN_STANDARD
  - sun.jnu.encoding=UTF-8
  - sun.management.compiler=HotSpot 64-Bit Tiered Compilers
  - sun.os.patch.level=unknown
  - user.country=FR
  - user.dir=/Users/bastien/IOTerra
  - user.home=/Users/bastien
  - user.language=fr
  - user.name=bastien
  - user.timezone=Europe/Paris
SonarQube plugins:
  - SonarCSS 1.0.3.724 (cssfamily)
  - Bitbucket Authentication for SonarQube 1.2.0.420 (authbitbucket)
  - SonarPLSQL 3.3.0.2273 (plsql)
  - SonarScala 1.4.0.155 (sonarscala)
  - SonarC# 7.11.0.8083 (csharp)
  - Vulnerability Analysis 7.6.0.3134 (security)
  - SonarJava 5.11.0.17289 (java)
  - SonarHTML 3.1.0.1615 (web)
  - SonarFlex 2.4.0.1222 (flex)
  - SonarXML 2.0.1.2020 (xml)
  - SonarTS 1.9.0.3766 (typescript)
  - SonarVB 7.11.0.8083 (vbnet)
  - SonarSwift 4.1.0.3087 (swift)
  - SonarCFamily 6.0.0.10816 (cpp)
  - SonarPython 1.12.0.2726 (python)
  - GitHub Authentication for SonarQube 1.6.0.904 (authgithub)
  - JaCoCo 1.0.1.143 (jacoco)
  - Mercurial 1.1.2 (scmmercurial)
  - SonarGo 1.1.0.1612 (go)
  - SonarKotlin 1.4.0.155 (kotlin)
  - SonarTSQL 1.3.1.3067 (tsql)
  - SonarApex 1.4.0.155 (sonarapex)
  - SonarJS 5.0.0.6962 (javascript)
  - SonarRuby 1.4.0.155 (ruby)
  - Vulnerability Rules for C# 7.6.0.3134 (securitycsharpfrontend)
  - Vulnerability Rules for Java 7.6.0.3134 (securityjavafrontend)
  - License for SonarLint 7.7.0.22107 (license)
  - Git 1.8.0.1517 (scmgit)
  - SonarPHP 3.0.0.4537 (php)
  - SonarABAP 3.7.1.1762 (abap)
  - Vulnerability Rules for PHP 7.6.0.3134 (securityphpfrontend)
Global server settings:
  - email.from=noreply@sonarcloud.io
  - email.prefix=[SonarCloud]
  - sonar.auth.bitbucket.enabled=true
  - sonar.auth.github.allowUsersToSignUp=true
  - sonar.auth.github.enabled=true
  - sonar.auth.microsoft.enabled=true
  - sonar.core.id=BD367519-AWHW8ct9-T_TB3XqouNu
  - sonar.core.serverBaseURL=https://sonarcloud.io
  - sonar.core.startTime=2019-02-20T08:56:17+0100
  - sonar.cpd.cross_project=false
  - sonar.dbcleaner.weeksBeforeDeletingAllSnapshots=480
  - sonar.dbcleaner.weeksBeforeKeepingOnlyOneSnapshotByMonth=4
  - sonar.dbcleaner.weeksBeforeKeepingOnlyOneSnapshotByWeek=1
  - sonar.java.collectAnalysisErrors=true
  - sonar.leak.period=30
  - sonar.lf.aboutText=<div class="boxed-group" style="border: none; border-radius: 3px;">
  <div class="boxed-group-inner clearfix" style="padding: 30px; border-radius: 3px; border: #e6e6e6 1px solid; background: #f3f3f3;">
    <div style="overflow: hidden; line-height: 1.5; font-size: 16px;">
      <p>
Analyze your open source and private projects on SonarCloud.
Select your <a href="https://about.sonarcloud.io">plan</a> and start improving. 
      </p>
    </div>
  </div>
</div>
  - sonar.lf.enableGravatar=true
  - sonar.lf.logoWidthPx=105
  - sonar.organizations.anyoneCanCreate=true
  - sonar.organizations.createPersonalOrg=true
  - sonar.plsql.file.suffixes=sql,tab,pkb
  - sonar.tsql.file.suffixes=.tsql
Project server settings:
Project scanner properties:
  - sonar.exclusions=node_modules/**/*
  - sonar.host.url=https://sonarcloud.io
  - sonar.links.ci=https://travis-ci.com/syxooper19/IOTerra
  - sonar.links.homepage=https://github.com/syxooper19/IOTerra.git
  - sonar.login=******
  - sonar.organization=syxooper19-github
  - sonar.projectBaseDir=/Users/bastien/IOTerra
  - sonar.projectKey=syxooper19_IOTerra
  - sonar.projectName=IOTerra
  - sonar.projectVersion=1.0.0
  - sonar.scanner.app=ScannerCli
  - sonar.scanner.appVersion=3.3.0.1492
  - sonar.sourceEncoding=UTF-8
  - sonar.sources=src
  - sonar.verbose=true
  - sonar.working.directory=/Users/bastien/IOTerra/.scannerwork
